2025-01-31 22:32:28,022 - INFO - CSV carregado: COMPLAINTS_RECEIVED_2014.csv | Registros: 113,908
2025-01-31 22:32:29,261 - INFO - CSV carregado: COMPLAINTS_RECEIVED_2014.csv | Registros: 113,908
2025-01-31 22:32:36,288 - INFO - CSV carregado: COMPLAINTS_RECEIVED_2015-2019.csv | Registros: 489,006
2025-01-31 22:32:42,372 - INFO - CSV carregado: COMPLAINTS_RECEIVED_2020-2024.csv | Registros: 418,333
2025-01-31 22:32:42,833 - INFO - 
    Dataset final consolidado:
    - Total de registros: 1,021,247
    - Período temporal: 1388534400000000000 a N
    - Colunas: ['CMPLID', 'ODINO', 'MFR_NAME', 'MAKETXT', 'MODELTXT', 'YEARTXT', 'CRASH', 'FAILDATE', 'FIRE', 'INJURED', 'DEATHS', 'COMPDESC', 'CITY', 'STATE', 'VIN', 'DATEA', 'LDATE', 'MILES', 'OCCURENCES', 'CDESCR', 'CMPL_TYPE', 'POLICE_RPT_YN', 'PURCH_DT', 'ORIG_OWNER_YN', 'ANTI_BRAKES_YN', 'CRUISE_CONT_YN', 'NUM_CYLS', 'DRIVE_TRAIN', 'FUEL_SYS', 'FUEL_TYPE', 'TRANS_TYPE', 'VEH_SPEED', 'DOT', 'TIRE_SIZE', 'LOC_OF_TIRE', 'TIRE_FAIL_TYPE', 'ORIG_EQUIP_YN', 'MANUF_DT', 'SEAT_TYPE', 'RESTRAINT_TYPE', 'DEALER_NAME', 'DEALER_TEL', 'DEALER_CITY', 'DEALER_STATE', 'DEALER_ZIP', 'PROD_TYPE', 'REPAIRED_YN', 'MEDICAL_ATTN', 'VEHICLES_TOWED_YN']
    
2025-01-31 22:33:11,916 - INFO - Dataset consolidado salvo em: D:\bre_p\bre_p\Documents\projeto_nlp\projeto-nlp\data\processed\reclamacoes.csv
2025-02-01 16:58:57,879 - INFO - CSV carregado: COMPLAINTS_RECEIVED_2010-2014.csv | Registros: 392,944
2025-02-01 16:59:02,077 - INFO - CSV carregado: COMPLAINTS_RECEIVED_2010-2014.csv | Registros: 392,944
2025-02-01 16:59:03,391 - INFO - CSV carregado: COMPLAINTS_RECEIVED_2014.csv | Registros: 113,908
2025-02-01 16:59:14,734 - INFO - CSV carregado: COMPLAINTS_RECEIVED_2015-2019.csv | Registros: 489,006
2025-02-01 16:59:24,635 - INFO - CSV carregado: COMPLAINTS_RECEIVED_2020-2024.csv | Registros: 418,333
2025-02-01 16:59:25,197 - INFO - 
    Dataset final consolidado:
    - Total de registros: 1,414,191
    - Período temporal: 2010-01-01 00:00:00 a 2024-12-31 00:00:00
    - Colunas: ['CMPLID', 'ODINO', 'MFR_NAME', 'MAKETXT', 'MODELTXT', 'YEARTXT', 'CRASH', 'FAILDATE', 'FIRE', 'INJURED', 'DEATHS', 'COMPDESC', 'CITY', 'STATE', 'VIN', 'DATEA', 'LDATE', 'MILES', 'OCCURENCES', 'CDESCR', 'CMPL_TYPE', 'POLICE_RPT_YN', 'PURCH_DT', 'ORIG_OWNER_YN', 'ANTI_BRAKES_YN', 'CRUISE_CONT_YN', 'NUM_CYLS', 'DRIVE_TRAIN', 'FUEL_SYS', 'FUEL_TYPE', 'TRANS_TYPE', 'VEH_SPEED', 'DOT', 'TIRE_SIZE', 'LOC_OF_TIRE', 'TIRE_FAIL_TYPE', 'ORIG_EQUIP_YN', 'MANUF_DT', 'SEAT_TYPE', 'RESTRAINT_TYPE', 'DEALER_NAME', 'DEALER_TEL', 'DEALER_CITY', 'DEALER_STATE', 'DEALER_ZIP', 'PROD_TYPE', 'REPAIRED_YN', 'MEDICAL_ATTN', 'VEHICLES_TOWED_YN']
    
2025-02-01 17:00:07,104 - INFO - Dataset consolidado salvo em: D:\bre_p\bre_p\Documents\projeto_nlp\projeto-nlp\data\processed\reclamacoes.csv
2025-02-01 17:01:24,335 - INFO - CSV carregado: COMPLAINTS_RECEIVED_2014.csv | Registros: 113,908
2025-02-01 17:01:25,565 - INFO - CSV carregado: COMPLAINTS_RECEIVED_2014.csv | Registros: 113,908
2025-02-01 17:01:34,232 - INFO - CSV carregado: COMPLAINTS_RECEIVED_2015-2019.csv | Registros: 489,006
2025-02-01 17:01:41,740 - INFO - CSV carregado: COMPLAINTS_RECEIVED_2020-2024.csv | Registros: 418,333
2025-02-01 17:01:42,095 - INFO - 
    Dataset final consolidado:
    - Total de registros: 1,021,247
    - Período temporal: 2014-01-01 00:00:00 a 2024-12-31 00:00:00
    - Colunas: ['CMPLID', 'ODINO', 'MFR_NAME', 'MAKETXT', 'MODELTXT', 'YEARTXT', 'CRASH', 'FAILDATE', 'FIRE', 'INJURED', 'DEATHS', 'COMPDESC', 'CITY', 'STATE', 'VIN', 'DATEA', 'LDATE', 'MILES', 'OCCURENCES', 'CDESCR', 'CMPL_TYPE', 'POLICE_RPT_YN', 'PURCH_DT', 'ORIG_OWNER_YN', 'ANTI_BRAKES_YN', 'CRUISE_CONT_YN', 'NUM_CYLS', 'DRIVE_TRAIN', 'FUEL_SYS', 'FUEL_TYPE', 'TRANS_TYPE', 'VEH_SPEED', 'DOT', 'TIRE_SIZE', 'LOC_OF_TIRE', 'TIRE_FAIL_TYPE', 'ORIG_EQUIP_YN', 'MANUF_DT', 'SEAT_TYPE', 'RESTRAINT_TYPE', 'DEALER_NAME', 'DEALER_TEL', 'DEALER_CITY', 'DEALER_STATE', 'DEALER_ZIP', 'PROD_TYPE', 'REPAIRED_YN', 'MEDICAL_ATTN', 'VEHICLES_TOWED_YN']
    
2025-02-01 17:02:09,412 - INFO - Dataset consolidado salvo em: D:\bre_p\bre_p\Documents\projeto_nlp\projeto-nlp\data\processed\reclamacoes.csv
